<?xml version="1.0" encoding="UTF-8"?>
<!-- Generated by org.testng.reporters.JUnitXMLReporter -->
<testsuite hostname="admin-PC" name="AutomationPacticeTest" tests="5" failures="0" timestamp="6 Aug 2018 18:07:18 GMT" time="103.441" errors="0">
  <testcase name="main" time="2.946" classname="RegisterPackage.Register"/>
  <testcase name="register" time="11.484" classname="RegisterPackage.Register"/>
  <testcase name="login" time="6.229" classname="RegisterPackage.Login"/>
  <testcase name="login" time="6.834" classname="RegisterPackage.Contactus"/>
  <testcase name="contactus" time="4.487" classname="RegisterPackage.Contactus"/>
</testsuite> <!-- AutomationPacticeTest -->
